<?xml version="1.0" encoding="UTF-8"?>
<!-- Generated by org.testng.reporters.JUnitReportReporter -->
<testsuite hostname="Venkat-PC" name="com.selenium.testng.LoginScripts" tests="2" failures="0" timestamp="24 Feb 2017 11:50:13 GMT" time="13.868" errors="0">
  <testcase name="logintoMyapp" time="7.044" classname="com.selenium.testng.LoginScripts"/>
  <testcase name="invalidLogin" time="6.824" classname="com.selenium.testng.LoginScripts"/>
</testsuite> <!-- com.selenium.testng.LoginScripts -->
