<?xml version="1.0" encoding="UTF-8"?>
<!-- Generated by org.testng.reporters.JUnitReportReporter -->
<testsuite hostname="Venkat-PC" name="com.selenium.testng.TestngSimpleTest" tests="1" failures="0" timestamp="24 Feb 2017 11:56:16 GMT" time="0.018" errors="0">
  <testcase name="testAdd" time="0.018" classname="com.selenium.testng.TestngSimpleTest"/>
</testsuite> <!-- com.selenium.testng.TestngSimpleTest -->
